<?xml version="1.0" encoding="UTF-8"?>
<!-- Generated by org.testng.reporters.JUnitReportReporter -->
<testsuite hostname="DESKTOP-LF1CERB" failures="0" tests="2" name="day32.Method01" time="0.019" errors="0" timestamp="2021-12-25T10:20:51 IST" skipped="0">
  <testcase classname="day32.Method01" name="AdvaSearch" time="0.009"/>
  <system-out/>
  <testcase classname="day32.Method01" name="search" time="0.010"/>
  <system-out/>
</testsuite> <!-- day32.Method01 -->
