<?xml version="1.0" encoding="UTF-8"?>
<!-- Generated by org.testng.reporters.JUnitReportReporter -->
<testsuite hostname="DESKTOP-LF1CERB" failures="0" tests="2" name="day35test.OrangeHRM" time="8.039" errors="0" timestamp="2021-12-28T08:40:08 IST" skipped="0">
  <testcase classname="day35test.OrangeHRM" name="test_logo" time="0.311"/>
  <system-out/>
  <testcase classname="day35test.OrangeHRM" name="test_login" time="7.728"/>
  <system-out/>
</testsuite> <!-- day35test.OrangeHRM -->
