<?xml version="1.0" encoding="UTF-8"?>
<!-- Generated by org.testng.reporters.JUnitReportReporter -->
<testsuite hostname="DESKTOP-LF1CERB" failures="0" tests="2" name="day32.AllAnnitations" time="0.016" errors="0" timestamp="2021-12-25T10:27:57 IST" skipped="0">
  <testcase classname="day32.AllAnnitations" name="test2" time="0.007"/>
  <system-out/>
  <testcase classname="day32.AllAnnitations" name="test" time="0.009"/>
  <system-out/>
</testsuite> <!-- day32.AllAnnitations -->
