<?xml version="1.0" encoding="UTF-8"?>
<!-- Generated by org.testng.reporters.JUnitReportReporter -->
<testsuite hostname="DESKTOP-LF1CERB" failures="0" tests="5" name="day32.DependencyMethod" time="0.029" errors="0" timestamp="2021-12-25T11:20:04 IST" skipped="0">
  <testcase classname="day32.DependencyMethod" name="OpenApp" time="0.019"/>
  <system-out/>
  <testcase classname="day32.DependencyMethod" name="login" time="0.003"/>
  <system-out/>
  <testcase classname="day32.DependencyMethod" name="Search" time="0.003"/>
  <system-out/>
  <testcase classname="day32.DependencyMethod" name="logout" time="0.002"/>
  <system-out/>
  <testcase classname="day32.DependencyMethod" name="AdvSearch" time="0.002"/>
  <system-out/>
</testsuite> <!-- day32.DependencyMethod -->
