<?xml version="1.0" encoding="UTF-8"?>
<!-- Generated by org.testng.reporters.JUnitReportReporter -->
<testsuite hostname="DESKTOP-LF1CERB" failures="0" tests="4" name="day31testNG.FirstTestNG" time="0.029" errors="0" timestamp="2021-12-22T08:04:57 IST" skipped="1">
  <testcase classname="day31testNG.FirstTestNG" name="openurl" time="0.022"/>
  <system-out/>
  <testcase classname="day31testNG.FirstTestNG" name="Login" time="0.005"/>
  <system-out/>
  <testcase classname="day31testNG.FirstTestNG" name="logout" time="0.002"/>
  <system-out/>
  <testcase classname="day31testNG.FirstTestNG" name="close">
    <skipped/>
  </testcase> <!-- close -->
  <system-out/>
</testsuite> <!-- day31testNG.FirstTestNG -->
