<?xml version="1.0" encoding="UTF-8"?>
<!-- Generated by org.testng.reporters.JUnitReportReporter -->
<testsuite hostname="DESKTOP-LF1CERB" failures="0" tests="2" name="day32.pack.DataBaseTest1" time="0.007" errors="0" timestamp="2021-12-22T13:02:46 IST" skipped="0">
  <testcase classname="day32.pack.DataBaseTest1" name="test_insert" time="0.002"/>
  <system-out/>
  <testcase classname="day32.pack.DataBaseTest1" name="test_update" time="0.005"/>
  <system-out/>
</testsuite> <!-- day32.pack.DataBaseTest1 -->
