<?xml version="1.0" encoding="UTF-8"?>
<!-- Generated by org.testng.reporters.JUnitReportReporter -->
<testsuite hostname="DESKTOP-LF1CERB" failures="0" tests="3" name="day32.Groupingwithxml" time="0.022" errors="0" timestamp="2021-12-25T11:36:07 IST" skipped="0">
  <testcase classname="day32.Groupingwithxml" name="LoginByFacebook" time="0.015"/>
  <system-out/>
  <testcase classname="day32.Groupingwithxml" name="LoginBytwitter" time="0.003"/>
  <system-out/>
  <testcase classname="day32.Groupingwithxml" name="Paymentindollers" time="0.004"/>
  <system-out/>
</testsuite> <!-- day32.Groupingwithxml -->
