<?xml version="1.0" encoding="UTF-8"?>
<!-- Generated by org.testng.reporters.JUnitReportReporter -->
<testsuite hostname="DESKTOP-LF1CERB" failures="0" tests="4" name="TestNGpractice.TestNGfirst" time="0.104" errors="0" timestamp="2022-02-07T08:29:13 IST" skipped="0">
  <testcase classname="TestNGpractice.TestNGfirst" name="openApp" time="0.042"/>
  <system-out/>
  <testcase classname="TestNGpractice.TestNGfirst" name="login" time="0.005"/>
  <system-out/>
  <testcase classname="TestNGpractice.TestNGfirst" name="logout" time="0.009"/>
  <system-out/>
  <testcase classname="TestNGpractice.TestNGfirst" name="close" time="0.048"/>
  <system-out/>
</testsuite> <!-- TestNGpractice.TestNGfirst -->
