<?xml version="1.0" encoding="UTF-8"?>
<!-- Generated by org.testng.reporters.JUnitReportReporter -->
<testsuite hostname="DESKTOP-LF1CERB" failures="0" tests="2" name="day32.Method02" time="0.010" errors="0" timestamp="2021-12-25T10:22:59 IST" skipped="0">
  <testcase classname="day32.Method02" name="Search" time="0.007"/>
  <system-out/>
  <testcase classname="day32.Method02" name="AdvSearch" time="0.003"/>
  <system-out/>
</testsuite> <!-- day32.Method02 -->
